TN:
SF:src\packages\custom-http\initialization.ts
FN:17,HttpHelper
FN:20,get
FN:26,put
FN:32,post
FN:38,patch
FN:44,delete
FN:50,sendJson
FN:55,decorateResponse
FN:57,customRes.sendJson
FN:61,decorateRequest
FN:65,attachIncomingJsonPayload
FN:92,BaseServer
FN:102,handleRequest
FN:144,listenAndServe
FNF:14
FNH:12
FNDA:1,HttpHelper
FNDA:1,get
FNDA:0,put
FNDA:1,post
FNDA:0,patch
FNDA:1,delete
FNDA:4,sendJson
FNDA:8,decorateResponse
FNDA:4,customRes.sendJson
FNDA:8,decorateRequest
FNDA:8,attachIncomingJsonPayload
FNDA:1,BaseServer
FNDA:8,handleRequest
FNDA:1,listenAndServe
DA:1,1
DA:2,1
DA:3,1
DA:4,1
DA:5,1
DA:6,1
DA:7,1
DA:8,1
DA:9,1
DA:10,1
DA:11,1
DA:12,1
DA:13,1
DA:14,1
DA:15,1
DA:16,1
DA:17,1
DA:18,1
DA:19,1
DA:20,1
DA:21,1
DA:22,1
DA:23,1
DA:24,1
DA:25,1
DA:26,1
DA:27,0
DA:28,0
DA:29,0
DA:30,0
DA:31,0
DA:32,1
DA:33,1
DA:34,1
DA:35,1
DA:36,1
DA:37,1
DA:38,1
DA:39,0
DA:40,0
DA:41,0
DA:42,0
DA:43,0
DA:44,1
DA:45,1
DA:46,1
DA:47,1
DA:48,1
DA:49,1
DA:50,1
DA:51,4
DA:52,4
DA:53,4
DA:54,4
DA:55,1
DA:56,8
DA:57,8
DA:58,8
DA:59,8
DA:60,8
DA:61,1
DA:62,8
DA:63,8
DA:64,8
DA:65,1
DA:66,8
DA:67,8
DA:68,8
DA:69,8
DA:70,8
DA:71,8
DA:72,8
DA:73,6
DA:74,8
DA:75,2
DA:76,2
DA:77,2
DA:78,2
DA:79,1
DA:80,1
DA:81,2
DA:82,8
DA:83,8
DA:84,8
DA:85,1
DA:86,1
DA:87,1
DA:88,1
DA:89,1
DA:90,1
DA:91,1
DA:92,1
DA:93,1
DA:94,1
DA:95,1
DA:96,1
DA:97,1
DA:98,1
DA:99,8
DA:100,1
DA:101,1
DA:102,1
DA:103,8
DA:104,8
DA:105,8
DA:106,8
DA:107,8
DA:108,7
DA:109,7
DA:110,7
DA:111,7
DA:112,7
DA:113,8
DA:114,12
DA:115,6
DA:116,6
DA:117,6
DA:118,3
DA:119,3
DA:120,3
DA:121,3
DA:122,3
DA:123,3
DA:124,3
DA:125,3
DA:126,3
DA:127,3
DA:128,12
DA:129,1
DA:130,1
DA:131,1
DA:132,1
DA:133,8
DA:134,0
DA:135,0
DA:136,0
DA:137,8
DA:138,1
DA:139,1
DA:140,1
DA:141,1
DA:142,1
DA:143,8
DA:144,1
DA:145,1
DA:146,1
DA:147,1
LF:147
LH:134
BRDA:17,0,0,1
BRDA:20,1,0,1
BRDA:32,2,0,1
BRDA:44,3,0,1
BRDA:50,4,0,4
BRDA:55,5,0,8
BRDA:57,6,0,4
BRDA:61,7,0,8
BRDA:65,8,0,8
BRDA:68,9,0,8
BRDA:70,10,0,2
BRDA:71,11,0,8
BRDA:72,12,0,6
BRDA:74,13,0,2
BRDA:78,14,0,1
BRDA:92,15,0,1
BRDA:98,16,0,8
BRDA:102,17,0,8
BRDA:108,18,0,7
BRDA:113,19,0,12
BRDA:114,20,0,6
BRDA:117,21,0,3
BRDA:129,22,0,1
BRDA:133,23,0,0
BRDA:137,24,0,1
BRDA:144,25,0,1
BRF:26
BRH:25
end_of_record
